#
# A fatal error has been detected by the Java Runtime Environment:
#
#  SIGSEGV (0xb) at pc=0x00007f2986d5cec2, pid=21316, tid=0x00007f298823f700
#
# JRE version: OpenJDK Runtime Environment (8.0_131-b11) (build 1.8.0_131-8u131-b11-0ubuntu1.16.04.2-b11)
# Java VM: OpenJDK 64-Bit Server VM (25.131-b11 mixed mode linux-amd64 compressed oops)
# Problematic frame:
# V  [libjvm.so+0x873ec2]
#
# Failed to write core dump. Core dumps have been disabled. To enable core dumping, try "ulimit -c unlimited" before starting Java again
#
# If you would like to submit a bug report, please visit:
#   http://bugreport.java.com/bugreport/crash.jsp
#

---------------  T H R E A D  ---------------

Current thread is native thread

siginfo: si_signo: 11 (SIGSEGV), si_code: 1 (SEGV_MAPERR), si_addr: 0x0000000000000170

Registers:
RAX=0x0000000000000001, RBX=0x00007f29800061f0, RCX=0x0000000000000001, RDX=0x0000000000000001
RSP=0x00007f298823ee60, RBP=0x00007f298823ee80, RSI=0x0000000000000000, RDI=0x00007f29800061f0
R8 =0x00007f29800008c0, R9 =0x0000000000000000, R10=0x00000000000002cc, R11=0x00007f2953de1922
R12=0x0000000000000000, R13=0x00007fff275eb77f, R14=0x00007f298740556c, R15=0x0000000000000001
RIP=0x00007f2986d5cec2, EFLAGS=0x0000000000010202, CSGSFS=0x002b000000000033, ERR=0x0000000000000004
  TRAPNO=0x000000000000000e

Top of Stack: (sp=0x00007f298823ee60)
0x00007f298823ee60:   00007f29800061f0 0000000000000000
0x00007f298823ee70:   00007fff275eb77f 00007f298823f9c0
0x00007f298823ee80:   00007f298823eea0 00007f2986d5e42b
0x00007f298823ee90:   00007f2980168990 0000000000000000
0x00007f298823eea0:   00007f298823eeb0 00007f2986f57611
0x00007f298823eeb0:   00007f298823eed0 00007f2986b58bc5
0x00007f298823eec0:   00007f29873dd000 00007f2980168990
0x00007f298823eed0:   00007f298823eef0 00007f2953de1942
0x00007f298823eee0:   00007f2980168990 00007f29873dd000
0x00007f298823eef0:   00007f298823ef10 00007f2953de17ba
0x00007f298823ef00:   00007f2980168990 00007f2980168950
0x00007f298823ef10:   00007f298823ef30 00007f2953de16f2
0x00007f298823ef20:   0000000000000000 00007f2980168950
0x00007f298823ef30:   ffffffffffffffc0 00007f2987a9b5ff
0x00007f298823ef40:   00007f298823ef50 0000000000000000
0x00007f298823ef50:   0000000000000000 00007f298742d6c8
0x00007f298823ef60:   0000000000000000 00007f298823f700
0x00007f298823ef70:   00007f298823f700 b82f642f6ab26fef
0x00007f298823ef80:   0000000000000000 00007fff275eb77f
0x00007f298823ef90:   00007f298823f9c0 0000000000000001
0x00007f298823efa0:   467c7468b4726fef 467c6aaac6486fef
0x00007f298823efb0:   0000000000000000 0000000000000000
0x00007f298823efc0:   0000000000000000 0000000000000000
0x00007f298823efd0:   0000000000000000 0000000000000000
0x00007f298823efe0:   0000000000000000 0000000000000000
0x00007f298823eff0:   00007f298823f700 00007f2987b6782d
0x00007f298823f000:   0000000000000000 0000000000000000
0x00007f298823f010:   0000000000000000 0000000000000000
0x00007f298823f020:   0000000000000000 0000000000000000
0x00007f298823f030:   0000000000000000 0000000000000000
0x00007f298823f040:   0000000000000000 0000000000000000
0x00007f298823f050:   0000000000000000 0000000000000000 

Instructions: (pc=0x00007f2986d5cec2)
0x00007f2986d5cea2:   30 68 00 45 23 01 00 e9 32 fe ff ff 66 90 55 48
0x00007f2986d5ceb2:   89 e5 41 56 4c 8d 35 af 86 6a 00 41 55 41 54 53
0x00007f2986d5cec2:   48 8b 9e 70 01 00 00 48 8b 17 eb 18 66 90 48 89
0x00007f2986d5ced2:   d0 41 80 f8 00 74 01 f0 48 0f b1 0f 48 39 c2 74 

Register to memory mapping:

RAX=
[error occurred during error reporting (printing register info), id 0xb]

Stack: [0x00007f298813f000,0x00007f2988240000],  sp=0x00007f298823ee60,  free space=1023k
Native frames: (J=compiled Java code, j=interpreted, Vv=VM code, C=native code)
V  [libjvm.so+0x873ec2]
V  [libjvm.so+0x87542b]
V  [libjvm.so+0xa6e611]
V  [libjvm.so+0x66fbc5]
C  [libjavatinyb.so.0.5.0-8-g6e580f4.0.5.0-8-g6e580f4.0.5.0-8-g6e580f4+0x38942]  JavaVM_::DetachCurrentThread()+0x20
C  [libjavatinyb.so.0.5.0-8-g6e580f4.0.5.0-8-g6e580f4.0.5.0-8-g6e580f4+0x387ba]  JNIEnvContainer::detach()+0x2a
C  [libjavatinyb.so.0.5.0-8-g6e580f4.0.5.0-8-g6e580f4.0.5.0-8-g6e580f4+0x386f2]  JNIEnvContainer::~JNIEnvContainer()+0x18


---------------  P R O C E S S  ---------------

VM state:at safepoint (shutting down)

VM Mutex/Monitor currently owned by a thread:  ([mutex/lock_event])
[0x00007f29800061f0] Threads_lock - owner thread: 0x00007f298006e000

Heap:
 def new generation   total 4928K, used 1063K [0x00000000f0c00000, 0x00000000f1150000, 0x00000000f5d50000)
  eden space 4416K,  24% used [0x00000000f0c00000, 0x00000000f0d09e30, 0x00000000f1050000)
  from space 512K,   0% used [0x00000000f1050000, 0x00000000f1050000, 0x00000000f10d0000)
  to   space 512K,   0% used [0x00000000f10d0000, 0x00000000f10d0000, 0x00000000f1150000)
 tenured generation   total 10944K, used 0K [0x00000000f5d50000, 0x00000000f6800000, 0x0000000100000000)
   the space 10944K,   0% used [0x00000000f5d50000, 0x00000000f5d50000, 0x00000000f5d50200, 0x00000000f6800000)
 Metaspace       used 2940K, capacity 4566K, committed 4864K, reserved 1056768K
  class space    used 312K, capacity 390K, committed 512K, reserved 1048576K

Card table byte_map: [0x00007f29880c4000,0x00007f298813f000] byte_map_base: 0x00007f298793e000

Polling page: 0x00007f298825b000

CodeCache: size=245760Kb used=1215Kb max_used=1215Kb free=244544Kb
 bounds [0x00007f2971000000, 0x00007f2971270000, 0x00007f2980000000]
 total_blobs=307 nmethods=75 adapters=148
 compilation: enabled

Compilation events (10 events):
Event: 90.774 Thread 0x00007f29800a5800   71       3       java.io.FileOutputStream::write (12 bytes)
Event: 90.774 Thread 0x00007f29800a5800 nmethod 71 0x00007f297112be10 code [0x00007f297112bf80, 0x00007f297112c100]
Event: 90.812 Thread 0x00007f29800a5800   73       3       java.nio.Buffer::clear (20 bytes)
Event: 90.812 Thread 0x00007f29800a5800 nmethod 73 0x00007f297112c510 code [0x00007f297112c660, 0x00007f297112c7d0]
Event: 90.812 Thread 0x00007f29800a5800   74   !   3       java.nio.charset.CharsetEncoder::encode (285 bytes)
Event: 90.815 Thread 0x00007f29800a5800 nmethod 74 0x00007f297112c850 code [0x00007f297112cb20, 0x00007f297112e088]
Event: 90.815 Thread 0x00007f29800a5800   75       3       java.nio.charset.CoderResult::isOverflow (14 bytes)
Event: 90.815 Thread 0x00007f29800a5800 nmethod 75 0x00007f297112e910 code [0x00007f297112ea80, 0x00007f297112ec30]
Event: 90.815 Thread 0x00007f29800a5800   76       3       sun.nio.cs.StreamEncoder::writeBytes (132 bytes)
Event: 90.816 Thread 0x00007f29800a5800 nmethod 76 0x00007f297112ec90 code [0x00007f297112eea0, 0x00007f297112fa48]

GC Heap History (0 events):
No events

Deoptimization events (0 events):
No events

Internal exceptions (2 events):
Event: 3.975 Thread 0x00007f298000a000 Exception <a 'java/lang/NoSuchMethodError': Method sun.misc.Unsafe.defineClass(Ljava/lang/String;[BII)Ljava/lang/Class; name or signature does not match> (0x00000000f0c07ca8) thrown at [/build/openjdk-8-VTMhfL/openjdk-8-8u131-b11/src/hotspot/src/share/vm/
Event: 3.975 Thread 0x00007f298000a000 Exception <a 'java/lang/NoSuchMethodError': Method sun.misc.Unsafe.prefetchRead(Ljava/lang/Object;J)V name or signature does not match> (0x00000000f0c07f90) thrown at [/build/openjdk-8-VTMhfL/openjdk-8-8u131-b11/src/hotspot/src/share/vm/prims/jni.cpp, lin

Events (10 events):
Event: 14.430 loading class tinyb/BluetoothDevice
Event: 14.430 loading class tinyb/BluetoothDevice done
Event: 90.827 Thread 0x00007f298000a000 Thread exited: 0x00007f298000a000
Event: 90.853 Thread 0x00007f298000a000 Thread added: 0x00007f298000a000
Event: 90.866 loading class java/lang/Shutdown
Event: 90.898 loading class java/lang/Shutdown done
Event: 90.907 loading class java/lang/Shutdown$Lock
Event: 90.907 loading class java/lang/Shutdown$Lock done
Event: 90.912 Thread 0x00007f29800a1800 Thread exited: 0x00007f29800a1800
Event: 90.912 Thread 0x00007f298000a000 Thread exited: 0x00007f298000a000


Dynamic libraries:
00400000-00401000 r-xp 00000000 08:01 665221                             /usr/lib/jvm/java-8-openjdk-amd64/jre/bin/java
00600000-00601000 r--p 00000000 08:01 665221                             /usr/lib/jvm/java-8-openjdk-amd64/jre/bin/java
00601000-00602000 rw-p 00001000 08:01 665221                             /usr/lib/jvm/java-8-openjdk-amd64/jre/bin/java
01503000-01524000 rw-p 00000000 00:00 0                                  [heap]
f0c00000-f1150000 rw-p 00000000 00:00 0 
f1150000-f5d50000 ---p 00000000 00:00 0 
f5d50000-f6800000 rw-p 00000000 00:00 0 
f6800000-100000000 ---p 00000000 00:00 0 
100000000-100080000 rw-p 00000000 00:00 0 
100080000-140000000 ---p 00000000 00:00 0 
7f2950f29000-7f2950f2c000 ---p 00000000 00:00 0 
7f2950f2c000-7f295172a000 rw-p 00000000 00:00 0 
7f295172a000-7f295172b000 ---p 00000000 00:00 0 
7f295172b000-7f2951f2b000 rw-p 00000000 00:00 0 
7f2951f2b000-7f2951f2c000 ---p 00000000 00:00 0 
7f2951f2c000-7f295272c000 rw-p 00000000 00:00 0 
7f295272c000-7f2952733000 r-xp 00000000 08:01 667527                     /usr/lib/x86_64-linux-gnu/libffi.so.6.0.4
7f2952733000-7f2952932000 ---p 00007000 08:01 667527                     /usr/lib/x86_64-linux-gnu/libffi.so.6.0.4
7f2952932000-7f2952933000 r--p 00006000 08:01 667527                     /usr/lib/x86_64-linux-gnu/libffi.so.6.0.4
7f2952933000-7f2952934000 rw-p 00007000 08:01 667527                     /usr/lib/x86_64-linux-gnu/libffi.so.6.0.4
7f2952934000-7f295294b000 r-xp 00000000 08:01 399500                     /lib/x86_64-linux-gnu/libresolv-2.23.so
7f295294b000-7f2952b4b000 ---p 00017000 08:01 399500                     /lib/x86_64-linux-gnu/libresolv-2.23.so
7f2952b4b000-7f2952b4c000 r--p 00017000 08:01 399500                     /lib/x86_64-linux-gnu/libresolv-2.23.so
7f2952b4c000-7f2952b4d000 rw-p 00018000 08:01 399500                     /lib/x86_64-linux-gnu/libresolv-2.23.so
7f2952b4d000-7f2952b4f000 rw-p 00000000 00:00 0 
7f2952b4f000-7f2952b6e000 r-xp 00000000 08:01 398923                     /lib/x86_64-linux-gnu/libselinux.so.1
7f2952b6e000-7f2952d6d000 ---p 0001f000 08:01 398923                     /lib/x86_64-linux-gnu/libselinux.so.1
7f2952d6d000-7f2952d6e000 r--p 0001e000 08:01 398923                     /lib/x86_64-linux-gnu/libselinux.so.1
7f2952d6e000-7f2952d6f000 rw-p 0001f000 08:01 398923                     /lib/x86_64-linux-gnu/libselinux.so.1
7f2952d6f000-7f2952d71000 rw-p 00000000 00:00 0 
7f2952d71000-7f2952d74000 r-xp 00000000 08:01 667658                     /usr/lib/x86_64-linux-gnu/libgmodule-2.0.so.0.4800.2
7f2952d74000-7f2952f73000 ---p 00003000 08:01 667658                     /usr/lib/x86_64-linux-gnu/libgmodule-2.0.so.0.4800.2
7f2952f73000-7f2952f74000 r--p 00002000 08:01 667658                     /usr/lib/x86_64-linux-gnu/libgmodule-2.0.so.0.4800.2
7f2952f74000-7f2952f75000 rw-p 00003000 08:01 667658                     /usr/lib/x86_64-linux-gnu/libgmodule-2.0.so.0.4800.2
7f2952f75000-7f2952fe3000 r-xp 00000000 08:01 398894                     /lib/x86_64-linux-gnu/libpcre.so.3.13.2
7f2952fe3000-7f29531e3000 ---p 0006e000 08:01 398894                     /lib/x86_64-linux-gnu/libpcre.so.3.13.2
7f29531e3000-7f29531e4000 r--p 0006e000 08:01 398894                     /lib/x86_64-linux-gnu/libpcre.so.3.13.2
7f29531e4000-7f29531e5000 rw-p 0006f000 08:01 398894                     /lib/x86_64-linux-gnu/libpcre.so.3.13.2
7f29531e5000-7f2953237000 r-xp 00000000 08:01 667682                     /usr/lib/x86_64-linux-gnu/libgobject-2.0.so.0.4800.2
7f2953237000-7f2953436000 ---p 00052000 08:01 667682                     /usr/lib/x86_64-linux-gnu/libgobject-2.0.so.0.4800.2
7f2953436000-7f2953437000 r--p 00051000 08:01 667682                     /usr/lib/x86_64-linux-gnu/libgobject-2.0.so.0.4800.2
7f2953437000-7f2953438000 rw-p 00052000 08:01 667682                     /usr/lib/x86_64-linux-gnu/libgobject-2.0.so.0.4800.2
7f2953438000-7f29535b8000 r-xp 00000000 08:01 667644                     /usr/lib/x86_64-linux-gnu/libgio-2.0.so.0.4800.2
7f29535b8000-7f29537b8000 ---p 00180000 08:01 667644                     /usr/lib/x86_64-linux-gnu/libgio-2.0.so.0.4800.2
7f29537b8000-7f29537bc000 r--p 00180000 08:01 667644                     /usr/lib/x86_64-linux-gnu/libgio-2.0.so.0.4800.2
7f29537bc000-7f29537be000 rw-p 00184000 08:01 667644                     /usr/lib/x86_64-linux-gnu/libgio-2.0.so.0.4800.2
7f29537be000-7f29537c0000 rw-p 00000000 00:00 0 
7f29537c0000-7f29538cf000 r-xp 00000000 08:01 398807                     /lib/x86_64-linux-gnu/libglib-2.0.so.0.4800.2
7f29538cf000-7f2953ace000 ---p 0010f000 08:01 398807                     /lib/x86_64-linux-gnu/libglib-2.0.so.0.4800.2
7f2953ace000-7f2953acf000 r--p 0010e000 08:01 398807                     /lib/x86_64-linux-gnu/libglib-2.0.so.0.4800.2
7f2953acf000-7f2953ad0000 rw-p 0010f000 08:01 398807                     /lib/x86_64-linux-gnu/libglib-2.0.so.0.4800.2
7f2953ad0000-7f2953ad1000 rw-p 00000000 00:00 0 
7f2953ad1000-7f2953ba2000 r-xp 00000000 08:01 688701                     /usr/local/lib/libtinyb.so.0.5.0-8-g6e580f4.0.5.0-8-g6e580f4.0.5.0-8-g6e580f4
7f2953ba2000-7f2953da1000 ---p 000d1000 08:01 688701                     /usr/local/lib/libtinyb.so.0.5.0-8-g6e580f4.0.5.0-8-g6e580f4.0.5.0-8-g6e580f4
7f2953da1000-7f2953da4000 r--p 000d0000 08:01 688701                     /usr/local/lib/libtinyb.so.0.5.0-8-g6e580f4.0.5.0-8-g6e580f4.0.5.0-8-g6e580f4
7f2953da4000-7f2953da8000 rw-p 000d3000 08:01 688701                     /usr/local/lib/libtinyb.so.0.5.0-8-g6e580f4.0.5.0-8-g6e580f4.0.5.0-8-g6e580f4
7f2953da8000-7f2953da9000 rw-p 00000000 00:00 0 
7f2953da9000-7f2953dfd000 r-xp 00000000 08:01 688737                     /usr/local/lib/libjavatinyb.so.0.5.0-8-g6e580f4.0.5.0-8-g6e580f4.0.5.0-8-g6e580f4
7f2953dfd000-7f2953ffd000 ---p 00054000 08:01 688737                     /usr/local/lib/libjavatinyb.so.0.5.0-8-g6e580f4.0.5.0-8-g6e580f4.0.5.0-8-g6e580f4
7f2953ffd000-7f2953ffe000 r--p 00054000 08:01 688737                     /usr/local/lib/libjavatinyb.so.0.5.0-8-g6e580f4.0.5.0-8-g6e580f4.0.5.0-8-g6e580f4
7f2953ffe000-7f2954000000 rw-p 00055000 08:01 688737                     /usr/local/lib/libjavatinyb.so.0.5.0-8-g6e580f4.0.5.0-8-g6e580f4.0.5.0-8-g6e580f4
7f2954000000-7f29540ed000 rw-p 00000000 00:00 0 
7f29540ed000-7f2958000000 ---p 00000000 00:00 0 
7f2958000000-7f2958021000 rw-p 00000000 00:00 0 
7f2958021000-7f295c000000 ---p 00000000 00:00 0 
7f295c000000-7f295c021000 rw-p 00000000 00:00 0 
7f295c021000-7f2960000000 ---p 00000000 00:00 0 
7f2960000000-7f2960056000 rw-p 00000000 00:00 0 
7f2960056000-7f2964000000 ---p 00000000 00:00 0 
7f2964000000-7f2964021000 rw-p 00000000 00:00 0 
7f2964021000-7f2968000000 ---p 00000000 00:00 0 
7f2968000000-7f2968021000 rw-p 00000000 00:00 0 
7f2968021000-7f296c000000 ---p 00000000 00:00 0 
7f296c000000-7f296c021000 rw-p 00000000 00:00 0 
7f296c021000-7f2970000000 ---p 00000000 00:00 0 
7f2970124000-7f2970125000 ---p 00000000 00:00 0 
7f2970125000-7f2970225000 rw-p 00000000 00:00 0 
7f2970225000-7f2970228000 ---p 00000000 00:00 0 
7f2970228000-7f2970326000 rw-p 00000000 00:00 0 
7f2970326000-7f2970329000 ---p 00000000 00:00 0 
7f2970329000-7f2970427000 rw-p 00000000 00:00 0 
7f2970427000-7f297042a000 ---p 00000000 00:00 0 
7f297042a000-7f2970528000 rw-p 00000000 00:00 0 
7f2970528000-7f2970800000 r--p 00000000 08:01 662568                     /usr/lib/locale/locale-archive
7f2970800000-7f2970c40000 rw-p 00000000 00:00 0 
7f2970c40000-7f2971000000 ---p 00000000 00:00 0 
7f2971000000-7f2971270000 rwxp 00000000 00:00 0 
7f2971270000-7f2980000000 ---p 00000000 00:00 0 
7f2980000000-7f2980176000 rw-p 00000000 00:00 0 
7f2980176000-7f2984000000 ---p 00000000 00:00 0 
7f29840a8000-7f29840c3000 r--s 00394000 08:01 662484                     /usr/lib/jvm/java-8-openjdk-amd64/jre/lib/ext/cldrdata.jar
7f29840c3000-7f29840de000 r--s 001d6000 08:01 662640                     /usr/lib/jvm/java-8-openjdk-amd64/jre/lib/ext/nashorn.jar
7f29840de000-7f29840e1000 ---p 00000000 00:00 0 
7f29840e1000-7f29841df000 rw-p 00000000 00:00 0 
7f29841df000-7f29841e2000 ---p 00000000 00:00 0 
7f29841e2000-7f29842e0000 rw-p 00000000 00:00 0 
7f29842e0000-7f29842e3000 ---p 00000000 00:00 0 
7f29842e3000-7f29843e1000 rw-p 00000000 00:00 0 
7f29843e1000-7f29843e2000 ---p 00000000 00:00 0 
7f29843e2000-7f298452f000 rw-p 00000000 00:00 0 
7f298452f000-7f29846fe000 r--s 03c07000 08:01 665184                     /usr/lib/jvm/java-8-openjdk-amd64/jre/lib/rt.jar
7f29846fe000-7f2984801000 rw-p 00000000 00:00 0 
7f2984801000-7f2984bb7000 ---p 00000000 00:00 0 
7f2984bb7000-7f2984bbf000 r-xp 00000000 08:01 664605                     /usr/lib/jvm/java-8-openjdk-amd64/jre/lib/amd64/libzip.so
7f2984bbf000-7f2984dbe000 ---p 00008000 08:01 664605                     /usr/lib/jvm/java-8-openjdk-amd64/jre/lib/amd64/libzip.so
7f2984dbe000-7f2984dbf000 r--p 00007000 08:01 664605                     /usr/lib/jvm/java-8-openjdk-amd64/jre/lib/amd64/libzip.so
7f2984dbf000-7f2984dc0000 rw-p 00008000 08:01 664605                     /usr/lib/jvm/java-8-openjdk-amd64/jre/lib/amd64/libzip.so
7f2984dc0000-7f2984dcb000 r-xp 00000000 08:01 399299                     /lib/x86_64-linux-gnu/libnss_files-2.23.so
7f2984dcb000-7f2984fca000 ---p 0000b000 08:01 399299                     /lib/x86_64-linux-gnu/libnss_files-2.23.so
7f2984fca000-7f2984fcb000 r--p 0000a000 08:01 399299                     /lib/x86_64-linux-gnu/libnss_files-2.23.so
7f2984fcb000-7f2984fcc000 rw-p 0000b000 08:01 399299                     /lib/x86_64-linux-gnu/libnss_files-2.23.so
7f2984fcc000-7f2984fd2000 rw-p 00000000 00:00 0 
7f2984fd2000-7f2984fdd000 r-xp 00000000 08:01 399186                     /lib/x86_64-linux-gnu/libnss_nis-2.23.so
7f2984fdd000-7f29851dc000 ---p 0000b000 08:01 399186                     /lib/x86_64-linux-gnu/libnss_nis-2.23.so
7f29851dc000-7f29851dd000 r--p 0000a000 08:01 399186                     /lib/x86_64-linux-gnu/libnss_nis-2.23.so
7f29851dd000-7f29851de000 rw-p 0000b000 08:01 399186                     /lib/x86_64-linux-gnu/libnss_nis-2.23.so
7f29851de000-7f29851f4000 r-xp 00000000 08:01 399201                     /lib/x86_64-linux-gnu/libnsl-2.23.so
7f29851f4000-7f29853f3000 ---p 00016000 08:01 399201                     /lib/x86_64-linux-gnu/libnsl-2.23.so
7f29853f3000-7f29853f4000 r--p 00015000 08:01 399201                     /lib/x86_64-linux-gnu/libnsl-2.23.so
7f29853f4000-7f29853f5000 rw-p 00016000 08:01 399201                     /lib/x86_64-linux-gnu/libnsl-2.23.so
7f29853f5000-7f29853f7000 rw-p 00000000 00:00 0 
7f29853f7000-7f29853ff000 r-xp 00000000 08:01 399395                     /lib/x86_64-linux-gnu/libnss_compat-2.23.so
7f29853ff000-7f29855fe000 ---p 00008000 08:01 399395                     /lib/x86_64-linux-gnu/libnss_compat-2.23.so
7f29855fe000-7f29855ff000 r--p 00007000 08:01 399395                     /lib/x86_64-linux-gnu/libnss_compat-2.23.so
7f29855ff000-7f2985600000 rw-p 00008000 08:01 399395                     /lib/x86_64-linux-gnu/libnss_compat-2.23.so
7f2985600000-7f298562d000 r-xp 00000000 08:01 664426                     /usr/lib/jvm/java-8-openjdk-amd64/jre/lib/amd64/libjava.so
7f298562d000-7f298582c000 ---p 0002d000 08:01 664426                     /usr/lib/jvm/java-8-openjdk-amd64/jre/lib/amd64/libjava.so
7f298582c000-7f298582d000 r--p 0002c000 08:01 664426                     /usr/lib/jvm/java-8-openjdk-amd64/jre/lib/amd64/libjava.so
7f298582d000-7f298582f000 rw-p 0002d000 08:01 664426                     /usr/lib/jvm/java-8-openjdk-amd64/jre/lib/amd64/libjava.so
7f298582f000-7f298583e000 r-xp 00000000 08:01 664423                     /usr/lib/jvm/java-8-openjdk-amd64/jre/lib/amd64/libverify.so
7f298583e000-7f2985a3d000 ---p 0000f000 08:01 664423                     /usr/lib/jvm/java-8-openjdk-amd64/jre/lib/amd64/libverify.so
7f2985a3d000-7f2985a3f000 r--p 0000e000 08:01 664423                     /usr/lib/jvm/java-8-openjdk-amd64/jre/lib/amd64/libverify.so
7f2985a3f000-7f2985a40000 rw-p 00010000 08:01 664423                     /usr/lib/jvm/java-8-openjdk-amd64/jre/lib/amd64/libverify.so
7f2985a40000-7f2985a47000 r-xp 00000000 08:01 399402                     /lib/x86_64-linux-gnu/librt-2.23.so
7f2985a47000-7f2985c46000 ---p 00007000 08:01 399402                     /lib/x86_64-linux-gnu/librt-2.23.so
7f2985c46000-7f2985c47000 r--p 00006000 08:01 399402                     /lib/x86_64-linux-gnu/librt-2.23.so
7f2985c47000-7f2985c48000 rw-p 00007000 08:01 399402                     /lib/x86_64-linux-gnu/librt-2.23.so
7f2985c48000-7f2985c5e000 r-xp 00000000 08:01 398803                     /lib/x86_64-linux-gnu/libgcc_s.so.1
7f2985c5e000-7f2985e5d000 ---p 00016000 08:01 398803                     /lib/x86_64-linux-gnu/libgcc_s.so.1
7f2985e5d000-7f2985e5e000 rw-p 00015000 08:01 398803                     /lib/x86_64-linux-gnu/libgcc_s.so.1
7f2985e5e000-7f2985f66000 r-xp 00000000 08:01 399200                     /lib/x86_64-linux-gnu/libm-2.23.so
7f2985f66000-7f2986165000 ---p 00108000 08:01 399200                     /lib/x86_64-linux-gnu/libm-2.23.so
7f2986165000-7f2986166000 r--p 00107000 08:01 399200                     /lib/x86_64-linux-gnu/libm-2.23.so
7f2986166000-7f2986167000 rw-p 00108000 08:01 399200                     /lib/x86_64-linux-gnu/libm-2.23.so
7f2986167000-7f29862d9000 r-xp 00000000 08:01 668302                     /usr/lib/x86_64-linux-gnu/libstdc++.so.6.0.21
7f29862d9000-7f29864d9000 ---p 00172000 08:01 668302                     /usr/lib/x86_64-linux-gnu/libstdc++.so.6.0.21
7f29864d9000-7f29864e3000 r--p 00172000 08:01 668302                     /usr/lib/x86_64-linux-gnu/libstdc++.so.6.0.21
7f29864e3000-7f29864e5000 rw-p 0017c000 08:01 668302                     /usr/lib/x86_64-linux-gnu/libstdc++.so.6.0.21
7f29864e5000-7f29864e9000 rw-p 00000000 00:00 0 
7f29864e9000-7f298713a000 r-xp 00000000 08:01 664422                     /usr/lib/jvm/java-8-openjdk-amd64/jre/lib/amd64/server/libjvm.so
7f298713a000-7f298733a000 ---p 00c51000 08:01 664422                     /usr/lib/jvm/java-8-openjdk-amd64/jre/lib/amd64/server/libjvm.so
7f298733a000-7f29873cd000 r--p 00c51000 08:01 664422                     /usr/lib/jvm/java-8-openjdk-amd64/jre/lib/amd64/server/libjvm.so
7f29873cd000-7f29873f6000 rw-p 00ce4000 08:01 664422                     /usr/lib/jvm/java-8-openjdk-amd64/jre/lib/amd64/server/libjvm.so
7f29873f6000-7f2987426000 rw-p 00000000 00:00 0 
7f2987426000-7f298743e000 r-xp 00000000 08:01 399482                     /lib/x86_64-linux-gnu/libpthread-2.23.so
7f298743e000-7f298763d000 ---p 00018000 08:01 399482                     /lib/x86_64-linux-gnu/libpthread-2.23.so
7f298763d000-7f298763e000 r--p 00017000 08:01 399482                     /lib/x86_64-linux-gnu/libpthread-2.23.so
7f298763e000-7f298763f000 rw-p 00018000 08:01 399482                     /lib/x86_64-linux-gnu/libpthread-2.23.so
7f298763f000-7f2987643000 rw-p 00000000 00:00 0 
7f2987643000-7f2987646000 r-xp 00000000 08:01 399176                     /lib/x86_64-linux-gnu/libdl-2.23.so
7f2987646000-7f2987845000 ---p 00003000 08:01 399176                     /lib/x86_64-linux-gnu/libdl-2.23.so
7f2987845000-7f2987846000 r--p 00002000 08:01 399176                     /lib/x86_64-linux-gnu/libdl-2.23.so
7f2987846000-7f2987847000 rw-p 00003000 08:01 399176                     /lib/x86_64-linux-gnu/libdl-2.23.so
7f2987847000-7f2987860000 r-xp 00000000 08:01 399145                     /lib/x86_64-linux-gnu/libz.so.1.2.8
7f2987860000-7f2987a5f000 ---p 00019000 08:01 399145                     /lib/x86_64-linux-gnu/libz.so.1.2.8
7f2987a5f000-7f2987a60000 r--p 00018000 08:01 399145                     /lib/x86_64-linux-gnu/libz.so.1.2.8
7f2987a60000-7f2987a61000 rw-p 00019000 08:01 399145                     /lib/x86_64-linux-gnu/libz.so.1.2.8
7f2987a61000-7f2987c20000 r-xp 00000000 08:01 399235                     /lib/x86_64-linux-gnu/libc-2.23.so
7f2987c20000-7f2987e20000 ---p 001bf000 08:01 399235                     /lib/x86_64-linux-gnu/libc-2.23.so
7f2987e20000-7f2987e24000 r--p 001bf000 08:01 399235                     /lib/x86_64-linux-gnu/libc-2.23.so
7f2987e24000-7f2987e26000 rw-p 001c3000 08:01 399235                     /lib/x86_64-linux-gnu/libc-2.23.so
7f2987e26000-7f2987e2a000 rw-p 00000000 00:00 0 
7f2987e2a000-7f2987e37000 r-xp 00000000 08:01 665167                     /usr/lib/jvm/java-8-openjdk-amd64/jre/lib/amd64/jli/libjli.so
7f2987e37000-7f2988037000 ---p 0000d000 08:01 665167                     /usr/lib/jvm/java-8-openjdk-amd64/jre/lib/amd64/jli/libjli.so
7f2988037000-7f2988038000 r--p 0000d000 08:01 665167                     /usr/lib/jvm/java-8-openjdk-amd64/jre/lib/amd64/jli/libjli.so
7f2988038000-7f2988039000 rw-p 0000e000 08:01 665167                     /usr/lib/jvm/java-8-openjdk-amd64/jre/lib/amd64/jli/libjli.so
7f2988039000-7f298805f000 r-xp 00000000 08:01 399237                     /lib/x86_64-linux-gnu/ld-2.23.so
7f2988062000-7f2988063000 r--s 00002000 08:01 688736                     /usr/local/lib/java/tinyb.jar
7f2988063000-7f2988068000 r--s 0003b000 08:01 662378                     /usr/lib/jvm/java-8-openjdk-amd64/jre/lib/ext/sunjce_provider.jar
7f2988068000-7f2988072000 r--s 00116000 08:01 662600                     /usr/lib/jvm/java-8-openjdk-amd64/jre/lib/ext/localedata.jar
7f2988072000-7f2988078000 rw-p 00000000 00:00 0 
7f2988078000-7f29880c4000 ---p 00000000 00:00 0 
7f29880c4000-7f29880c7000 rw-p 00000000 00:00 0 
7f29880c7000-7f29880ec000 ---p 00000000 00:00 0 
7f29880ec000-7f29880f2000 rw-p 00000000 00:00 0 
7f29880f2000-7f298813e000 ---p 00000000 00:00 0 
7f298813e000-7f298813f000 rw-p 00000000 00:00 0 
7f298813f000-7f2988142000 ---p 00000000 00:00 0 
7f2988142000-7f2988245000 rw-p 00000000 00:00 0 
7f2988245000-7f2988249000 r--s 00037000 08:01 662187                     /usr/lib/jvm/java-8-openjdk-amd64/jre/lib/ext/sunpkcs11.jar
7f2988249000-7f298824a000 r--s 00010000 08:01 662206                     /usr/lib/jvm/java-8-openjdk-amd64/jre/lib/ext/zipfs.jar
7f298824a000-7f298824d000 r--s 0000f000 08:01 662396                     /usr/lib/jvm/java-8-openjdk-amd64/jre/lib/ext/icedtea-sound.jar
7f298824d000-7f298824e000 r--s 0000a000 08:01 662168                     /usr/lib/jvm/java-8-openjdk-amd64/jre/lib/ext/jaccess.jar
7f298824e000-7f2988250000 r--s 00001000 08:01 662108                     /usr/lib/jvm/java-8-openjdk-amd64/jre/lib/ext/dnsns.jar
7f2988250000-7f2988252000 r--s 00008000 08:01 662249                     /usr/lib/jvm/java-8-openjdk-amd64/jre/lib/ext/sunec.jar
7f2988252000-7f298825a000 rw-s 00000000 08:01 945483                     /tmp/hsperfdata_wallace/21316 (deleted)
7f298825a000-7f298825b000 rw-p 00000000 00:00 0 
7f298825b000-7f298825c000 ---p 00000000 00:00 0 
7f298825c000-7f298825e000 rw-p 00000000 00:00 0 
7f298825e000-7f298825f000 r--p 00025000 08:01 399237                     /lib/x86_64-linux-gnu/ld-2.23.so
7f298825f000-7f2988260000 rw-p 00026000 08:01 399237                     /lib/x86_64-linux-gnu/ld-2.23.so
7f2988260000-7f2988261000 rw-p 00000000 00:00 0 
7fff275d1000-7fff275f2000 rw-p 00000000 00:00 0                          [stack]
7fff275f9000-7fff275fb000 r--p 00000000 00:00 0                          [vvar]
7fff275fb000-7fff275fd000 r-xp 00000000 00:00 0                          [vdso]
ffffffffff600000-ffffffffff601000 r-xp 00000000 00:00 0                  [vsyscall]

VM Arguments:
jvm_args: -Dfile.encoding=UTF-8 -Djava.library.path=/usr/local/lib 
java_command: cs108javademoapp.CS108JavaDemoApp
java_class_path (initial): /usr/local/lib/java/tinyb.jar:/home/wallace/NetBeansProjects/CS108JavaDemoApp/build/classes
Launcher Type: SUN_STANDARD

Environment Variables:
PATH=/home/wallace/bin:/home/wallace/.local/bin:/usr/local/sbin:/usr/local/bin:/usr/sbin:/usr/bin:/sbin:/bin:/usr/games:/usr/local/games:/snap/bin
LD_LIBRARY_PATH=/usr/lib/jvm/java-8-openjdk-amd64/bin/../jre/lib/amd64:/usr/lib/jvm/java-8-openjdk-amd64/bin/../jre/lib/i386:
SHELL=/bin/bash
DISPLAY=:0

Signal Handlers:
SIGSEGV: [libjvm.so+0xa67f40], sa_mask[0]=11111111011111111101111111111110, sa_flags=SA_RESTART|SA_SIGINFO
SIGBUS: [libjvm.so+0xa67f40], sa_mask[0]=11111111011111111101111111111110, sa_flags=SA_RESTART|SA_SIGINFO
SIGFPE: [libjvm.so+0x8b0ec0], sa_mask[0]=11111111011111111101111111111110, sa_flags=SA_RESTART|SA_SIGINFO
SIGPIPE: SIG_IGN, sa_mask[0]=00000000000010000000000000000000, sa_flags=SA_RESTART
SIGXFSZ: [libjvm.so+0x8b0ec0], sa_mask[0]=11111111011111111101111111111110, sa_flags=SA_RESTART|SA_SIGINFO
SIGILL: [libjvm.so+0x8b0ec0], sa_mask[0]=11111111011111111101111111111110, sa_flags=SA_RESTART|SA_SIGINFO
SIGUSR1: SIG_DFL, sa_mask[0]=00000000000000000000000000000000, sa_flags=none
SIGUSR2: [libjvm.so+0x8b0d70], sa_mask[0]=00100000000000000000000000000000, sa_flags=SA_RESTART|SA_SIGINFO
SIGHUP: [libjvm.so+0x8b1240], sa_mask[0]=11111111011111111101111111111110, sa_flags=SA_RESTART|SA_SIGINFO
SIGINT: SIG_IGN, sa_mask[0]=00000000000000000000000000000000, sa_flags=none
SIGTERM: [libjvm.so+0x8b1240], sa_mask[0]=11111111011111111101111111111110, sa_flags=SA_RESTART|SA_SIGINFO
SIGQUIT: [libjvm.so+0x8b1240], sa_mask[0]=11111111011111111101111111111110, sa_flags=SA_RESTART|SA_SIGINFO


---------------  S Y S T E M  ---------------

OS:DISTRIB_ID=Ubuntu
DISTRIB_RELEASE=16.04
DISTRIB_CODENAME=xenial
DISTRIB_DESCRIPTION="Ubuntu 16.04.2 LTS"

uname:Linux 4.8.0-52-generic #55~16.04.1-Ubuntu SMP Fri Apr 28 14:36:29 UTC 2017 x86_64
libc:glibc 2.23 NPTL 2.23 
rlimit: STACK 8192k, CORE 0k, NPROC 3726, NOFILE 65536, AS infinity
load average:1.70 1.53 1.06

/proc/meminfo:
MemTotal:         996344 kB
MemFree:           94608 kB
MemAvailable:      92996 kB
Buffers:            9872 kB
Cached:           105248 kB
SwapCached:        12952 kB
Active:           321284 kB
Inactive:         345612 kB
Active(anon):     269772 kB
Inactive(anon):   283372 kB
Active(file):      51512 kB
Inactive(file):    62240 kB
Unevictable:          32 kB
Mlocked:              32 kB
SwapTotal:       1046524 kB
SwapFree:         424200 kB
Dirty:               132 kB
Writeback:             0 kB
AnonPages:        539184 kB
Mapped:            43864 kB
Shmem:              1368 kB
Slab:              66812 kB
SReclaimable:      24368 kB
SUnreclaim:        42444 kB
KernelStack:        9696 kB
PageTables:        27280 kB
NFS_Unstable:          0 kB
Bounce:                0 kB
WritebackTmp:          0 kB
CommitLimit:     1544696 kB
Committed_AS:    3672672 kB
VmallocTotal:   34359738367 kB
VmallocUsed:           0 kB
VmallocChunk:          0 kB
HardwareCorrupted:     0 kB
AnonHugePages:    264192 kB
ShmemHugePages:        0 kB
ShmemPmdMapped:        0 kB
CmaTotal:              0 kB
CmaFree:               0 kB
HugePages_Total:       0
HugePages_Free:        0
HugePages_Rsvd:        0
HugePages_Surp:        0
Hugepagesize:       2048 kB
DirectMap4k:      145280 kB
DirectMap2M:      903168 kB
DirectMap1G:           0 kB


CPU:total 1 (initial active 1) (1 cores per cpu, 1 threads per core) family 6 model 69 stepping 1, cmov, cx8, fxsr, mmx, sse, sse2, sse3, ssse3, sse4.1, sse4.2, popcnt, avx, avx2, aes, clmul, erms, lzcnt, tsc, tscinvbit, bmi1, bmi2

/proc/cpuinfo:
processor	: 0
vendor_id	: GenuineIntel
cpu family	: 6
model		: 69
model name	: Intel(R) Core(TM) i5-4200U CPU @ 1.60GHz
stepping	: 1
microcode	: 0x1f
cpu MHz		: 2294.499
cache size	: 3072 KB
physical id	: 0
siblings	: 1
core id		: 0
cpu cores	: 1
apicid		: 0
initial apicid	: 0
fpu		: yes
fpu_exception	: yes
cpuid level	: 13
wp		: yes
flags		: fpu vme de pse tsc msr pae mce cx8 apic sep mtrr pge mca cmov pat pse36 clflush dts mmx fxsr sse sse2 ss syscall nx pdpe1gb rdtscp lm constant_tsc arch_perfmon pebs bts nopl xtopology tsc_reliable nonstop_tsc aperfmperf eagerfpu pni pclmulqdq ssse3 fma cx16 pcid sse4_1 sse4_2 x2apic movbe popcnt tsc_deadline_timer aes xsave avx f16c rdrand hypervisor lahf_lm abm epb fsgsbase tsc_adjust bmi1 avx2 smep bmi2 invpcid xsaveopt dtherm ida arat pln pts
bugs		:
bogomips	: 4589.37
clflush size	: 64
cache_alignment	: 64
address sizes	: 42 bits physical, 48 bits virtual
power management:



Memory: 4k page, physical 996344k(94608k free), swap 1046524k(424200k free)

vm_info: OpenJDK 64-Bit Server VM (25.131-b11) for linux-amd64 JRE (1.8.0_131-8u131-b11-0ubuntu1.16.04.2-b11), built on May  6 2017 02:45:27 by "buildd" with gcc 5.4.0 20160609

time: Mon May 29 09:52:31 2017
elapsed time: 91 seconds (0d 0h 1m 31s)

